0 info it worked if it ends with ok
1 verbose cli [ '/usr/local/bin/node', '/usr/local/bin/npm', 'publish' ]
2 info using npm@3.8.3
3 info using node@v5.10.1
4 verbose publish [ '.' ]
5 silly cache add args [ '.', null ]
6 verbose cache add spec .
7 silly cache add parsed spec Result {
7 silly cache add   raw: '.',
7 silly cache add   scope: null,
7 silly cache add   name: null,
7 silly cache add   rawSpec: '.',
7 silly cache add   spec: '/Users/duffy/Development/socket.io-connection-manager',
7 silly cache add   type: 'directory' }
8 verbose addLocalDirectory /Users/duffy/.npm/socket.io-connection-manager/1.0.0/package.tgz not in flight; packing
9 verbose correctMkdir /Users/duffy/.npm correctMkdir not in flight; initializing
10 info lifecycle socket.io-connection-manager@1.0.0~prepublish: socket.io-connection-manager@1.0.0
11 silly lifecycle socket.io-connection-manager@1.0.0~prepublish: no script for prepublish, continuing
12 verbose tar pack [ '/Users/duffy/.npm/socket.io-connection-manager/1.0.0/package.tgz',
12 verbose tar pack   '/Users/duffy/Development/socket.io-connection-manager' ]
13 verbose tarball /Users/duffy/.npm/socket.io-connection-manager/1.0.0/package.tgz
14 verbose folder /Users/duffy/Development/socket.io-connection-manager
15 verbose addLocalTarball adding from inside cache /Users/duffy/.npm/socket.io-connection-manager/1.0.0/package.tgz
16 verbose correctMkdir /Users/duffy/.npm correctMkdir not in flight; initializing
17 silly cache afterAdd socket.io-connection-manager@1.0.0
18 verbose afterAdd /Users/duffy/.npm/socket.io-connection-manager/1.0.0/package/package.json not in flight; writing
19 verbose correctMkdir /Users/duffy/.npm correctMkdir not in flight; initializing
20 verbose afterAdd /Users/duffy/.npm/socket.io-connection-manager/1.0.0/package/package.json written
21 silly publish { name: 'socket.io-connection-manager',
21 silly publish   version: '1.0.0',
21 silly publish   description: 'Creates private sessions for socket.io websocket connections for clients and server to join',
21 silly publish   main: 'index.js',
21 silly publish   scripts: { test: 'echo "Error: no test specified" && exit 1' },
21 silly publish   repository:
21 silly publish    { type: 'git',
21 silly publish      url: 'https://github.com/seaneduffy/socket.io-connection-manager.git' },
21 silly publish   author:
21 silly publish    { name: 'Sean Duffy',
21 silly publish      email: 'seaneduffy@gmail.com',
21 silly publish      url: 'seaneduffy.com' },
21 silly publish   license: 'ISC',
21 silly publish   bugs: { url: 'https://github.com/seaneduffy/socket.io-connection-manager/issues' },
21 silly publish   homepage: 'https://github.com/seaneduffy/socket.io-connection-manager',
21 silly publish   dependencies: { 'socket.io': '^1.4.6' },
21 silly publish   readme: '# socket.io-connection-manager\nCreates private sessions for socket.io websocket connections for clients and server to join\n',
21 silly publish   readmeFilename: 'README.md',
21 silly publish   gitHead: 'e61bee532a632cef1c4fb3fcff2f79d75818c6bb',
21 silly publish   _id: 'socket.io-connection-manager@1.0.0',
21 silly publish   _shasum: '0745efece0df64b12f246bacc49598ba88018afb',
21 silly publish   _from: '.' }
22 verbose getPublishConfig undefined
23 silly mapToRegistry name socket.io-connection-manager
24 silly mapToRegistry using default registry
25 silly mapToRegistry registry https://registry.npmjs.org/
26 silly mapToRegistry data Result {
26 silly mapToRegistry   raw: 'socket.io-connection-manager',
26 silly mapToRegistry   scope: null,
26 silly mapToRegistry   name: 'socket.io-connection-manager',
26 silly mapToRegistry   rawSpec: '',
26 silly mapToRegistry   spec: 'latest',
26 silly mapToRegistry   type: 'tag' }
27 silly mapToRegistry uri https://registry.npmjs.org/socket.io-connection-manager
28 verbose publish registryBase https://registry.npmjs.org/
29 silly publish uploading /Users/duffy/.npm/socket.io-connection-manager/1.0.0/package.tgz
30 verbose request uri https://registry.npmjs.org/socket.io-connection-manager
31 verbose request sending authorization for write operation
32 info attempt registry request try #1 at 4:51:15 PM
33 verbose request using bearer token for auth
34 verbose request id 7ddb3d00f655a4fa
35 http request PUT https://registry.npmjs.org/socket.io-connection-manager
36 http 403 https://registry.npmjs.org/socket.io-connection-manager
37 verbose headers { 'content-type': 'application/json',
37 verbose headers   'cache-control': 'max-age=300',
37 verbose headers   'content-length': '95',
37 verbose headers   'accept-ranges': 'bytes',
37 verbose headers   date: 'Mon, 16 May 2016 20:51:16 GMT',
37 verbose headers   via: '1.1 varnish',
37 verbose headers   connection: 'keep-alive',
37 verbose headers   'x-served-by': 'cache-jfk1043-JFK',
37 verbose headers   'x-cache': 'MISS',
37 verbose headers   'x-cache-hits': '0',
37 verbose headers   'x-timer': 'S1463431875.780456,VS0,VE626',
37 verbose headers   vary: 'Accept-Encoding' }
38 verbose request invalidating /Users/duffy/.npm/registry.npmjs.org/socket.io-connection-manager on PUT
39 error publish Failed PUT 403
40 verbose stack Error: "You cannot publish over the previously published version 1.0.0." : socket.io-connection-manager
40 verbose stack     at makeError (/usr/local/lib/node_modules/npm/node_modules/npm-registry-client/lib/request.js:264:12)
40 verbose stack     at CachingRegistryClient.<anonymous> (/usr/local/lib/node_modules/npm/node_modules/npm-registry-client/lib/request.js:252:14)
40 verbose stack     at Request._callback (/usr/local/lib/node_modules/npm/node_modules/npm-registry-client/lib/request.js:172:14)
40 verbose stack     at Request.self.callback (/usr/local/lib/node_modules/npm/node_modules/request/request.js:199:22)
40 verbose stack     at emitTwo (events.js:100:13)
40 verbose stack     at Request.emit (events.js:185:7)
40 verbose stack     at Request.<anonymous> (/usr/local/lib/node_modules/npm/node_modules/request/request.js:1036:10)
40 verbose stack     at emitOne (events.js:95:20)
40 verbose stack     at Request.emit (events.js:182:7)
40 verbose stack     at IncomingMessage.<anonymous> (/usr/local/lib/node_modules/npm/node_modules/request/request.js:963:12)
41 verbose statusCode 403
42 verbose pkgid socket.io-connection-manager
43 verbose cwd /Users/duffy/Development/socket.io-connection-manager
44 error Darwin 13.4.0
45 error argv "/usr/local/bin/node" "/usr/local/bin/npm" "publish"
46 error node v5.10.1
47 error npm  v3.8.3
48 error code E403
49 error "You cannot publish over the previously published version 1.0.0." : socket.io-connection-manager
50 error If you need help, you may report this error at:
50 error     <https://github.com/npm/npm/issues>
51 verbose exit [ 1, true ]
